0 info it worked if it ends with ok
1 verbose cli [ '/usr/bin/nodejs', '/usr/bin/npm', 'run', 'api-start' ]
2 info using npm@3.10.10
3 info using node@v6.10.1
4 verbose run-script [ 'preapi-start', 'api-start', 'postapi-start' ]
5 info lifecycle eCommerce-FE-v0@0.1.0~preapi-start: eCommerce-FE-v0@0.1.0
6 silly lifecycle eCommerce-FE-v0@0.1.0~preapi-start: no script for preapi-start, continuing
7 info lifecycle eCommerce-FE-v0@0.1.0~api-start: eCommerce-FE-v0@0.1.0
8 verbose lifecycle eCommerce-FE-v0@0.1.0~api-start: unsafe-perm in lifecycle true
9 verbose lifecycle eCommerce-FE-v0@0.1.0~api-start: PATH: /usr/lib/node_modules/npm/bin/node-gyp-bin:/home/coop/ecommerve_app/ecomm_front_end/node_modules/.bin:/usr/local/heroku/bin:/home/coop/.rbenv/plugins/ruby-build/bin:/home/coop/.rbenv/shims:/home/coop/.rbenv/bin:/home/coop/bin:/home/coop/.local/bin:/usr/local/sbin:/usr/local/bin:/usr/sbin:/usr/bin:/sbin:/bin:/usr/games:/usr/local/games:/snap/bin
10 verbose lifecycle eCommerce-FE-v0@0.1.0~api-start: CWD: /home/coop/ecommerve_app/ecomm_front_end
11 silly lifecycle eCommerce-FE-v0@0.1.0~api-start: Args: [ '-c', 'DEBUG=express:* node mock_api.js' ]
12 silly lifecycle eCommerce-FE-v0@0.1.0~api-start: Returned: code: 1  signal: null
13 info lifecycle eCommerce-FE-v0@0.1.0~api-start: Failed to exec api-start script
14 verbose stack Error: eCommerce-FE-v0@0.1.0 api-start: `DEBUG=express:* node mock_api.js`
14 verbose stack Exit status 1
14 verbose stack     at EventEmitter.<anonymous> (/usr/lib/node_modules/npm/lib/utils/lifecycle.js:255:16)
14 verbose stack     at emitTwo (events.js:106:13)
14 verbose stack     at EventEmitter.emit (events.js:191:7)
14 verbose stack     at ChildProcess.<anonymous> (/usr/lib/node_modules/npm/lib/utils/spawn.js:40:14)
14 verbose stack     at emitTwo (events.js:106:13)
14 verbose stack     at ChildProcess.emit (events.js:191:7)
14 verbose stack     at maybeClose (internal/child_process.js:886:16)
14 verbose stack     at Process.ChildProcess._handle.onexit (internal/child_process.js:226:5)
15 verbose pkgid eCommerce-FE-v0@0.1.0
16 verbose cwd /home/coop/ecommerve_app/ecomm_front_end
17 error Linux 4.10.0-20-generic
18 error argv "/usr/bin/nodejs" "/usr/bin/npm" "run" "api-start"
19 error node v6.10.1
20 error npm  v3.10.10
21 error code ELIFECYCLE
22 error eCommerce-FE-v0@0.1.0 api-start: `DEBUG=express:* node mock_api.js`
22 error Exit status 1
23 error Failed at the eCommerce-FE-v0@0.1.0 api-start script 'DEBUG=express:* node mock_api.js'.
23 error Make sure you have the latest version of node.js and npm installed.
23 error If you do, this is most likely a problem with the eCommerce-FE-v0 package,
23 error not with npm itself.
23 error Tell the author that this fails on your system:
23 error     DEBUG=express:* node mock_api.js
23 error You can get information on how to open an issue for this project with:
23 error     npm bugs eCommerce-FE-v0
23 error Or if that isn't available, you can get their info via:
23 error     npm owner ls eCommerce-FE-v0
23 error There is likely additional logging output above.
24 verbose exit [ 1, true ]
